<?xml version="1.0" encoding="UTF-8"?>
<!-- Generated by org.testng.reporters.JUnitReportReporter -->
<testsuite hostname="DESKTOP-N8FBEAQ" name="com.snyder.test.smoke.TestLoginUS109" tests="1" failures="0" timestamp="22 Oct 2017 02:51:29 GMT" time="56.381" errors="0">
  <testcase name="testLoginSuccessTC119" time="56.381" classname="com.snyder.test.smoke.TestLoginUS109"/>
</testsuite> <!-- com.snyder.test.smoke.TestLoginUS109 -->
